生成启动时间为 2016/9/24 14:16:10。
     1>项目“D:\vsproject\cnewtest\ConsoleApplication4\ConsoleApplication4.vcxproj”在节点 5 上(Rebuild 个目标)。
     1>ClCompile:
         D:\vs2013\VC\bin\CL.exe /c /ZI /nologo /W3 /WX- /Od /Oy- /D WIN32 /D _DEBUG /D _CONSOLE /D _LIB /D _UNICODE /D UNICODE /Gm /EHsc /RTC1 /MDd /GS /fp:precise /Zc:wchar_t /Zc:forScope /Fo"Debug\\" /Fd"Debug\vc120.pdb" /Gd /TP /analyze- /errorReport:prompt "源.cpp"
         源.cpp
     1>d:\vsproject\cnewtest\consoleapplication4\源.cpp(11): error C2734: “p”: 如果不是外部的，则必须初始化常量对象
     1>d:\vsproject\cnewtest\consoleapplication4\源.cpp(11): error C2734: “q”: 如果不是外部的，则必须初始化常量对象
     1>d:\vsproject\cnewtest\consoleapplication4\源.cpp(11): error C2734: “l”: 如果不是外部的，则必须初始化常量对象
     1>d:\vsproject\cnewtest\consoleapplication4\源.cpp(11): error C2734: “r”: 如果不是外部的，则必须初始化常量对象
     1>d:\vsproject\cnewtest\consoleapplication4\源.cpp(12): error C2678: 二进制“>>”: 没有找到接受“std::istream”类型的左操作数的运算符(或没有可接受的转换)
                 d:\vs2013\vc\include\istream(485): 可能是“std::basic_istream<char,std::char_traits<char>> &std::basic_istream<char,std::char_traits<char>>::operator >>(std::basic_streambuf<char,std::char_traits<char>> *)”
                 d:\vs2013\vc\include\istream(466): 或       “std::basic_istream<char,std::char_traits<char>> &std::basic_istream<char,std::char_traits<char>>::operator >>(void *&)”
                 d:\vs2013\vc\include\istream(448): 或       “std::basic_istream<char,std::char_traits<char>> &std::basic_istream<char,std::char_traits<char>>::operator >>(long double &)”
                 d:\vs2013\vc\include\istream(430): 或       “std::basic_istream<char,std::char_traits<char>> &std::basic_istream<char,std::char_traits<char>>::operator >>(double &)”
                 d:\vs2013\vc\include\istream(411): 或       “std::basic_istream<char,std::char_traits<char>> &std::basic_istream<char,std::char_traits<char>>::operator >>(float &)”
                 d:\vs2013\vc\include\istream(392): 或       “std::basic_istream<char,std::char_traits<char>> &std::basic_istream<char,std::char_traits<char>>::operator >>(unsigned __int64 &)”
                 d:\vs2013\vc\include\istream(373): 或       “std::basic_istream<char,std::char_traits<char>> &std::basic_istream<char,std::char_traits<char>>::operator >>(__int64 &)”
                 d:\vs2013\vc\include\istream(353): 或       “std::basic_istream<char,std::char_traits<char>> &std::basic_istream<char,std::char_traits<char>>::operator >>(unsigned long &)”
                 d:\vs2013\vc\include\istream(335): 或       “std::basic_istream<char,std::char_traits<char>> &std::basic_istream<char,std::char_traits<char>>::operator >>(long &)”
                 d:\vs2013\vc\include\istream(317): 或       “std::basic_istream<char,std::char_traits<char>> &std::basic_istream<char,std::char_traits<char>>::operator >>(unsigned int &)”
                 d:\vs2013\vc\include\istream(291): 或       “std::basic_istream<char,std::char_traits<char>> &std::basic_istream<char,std::char_traits<char>>::operator >>(int &)”
                 d:\vs2013\vc\include\istream(272): 或       “std::basic_istream<char,std::char_traits<char>> &std::basic_istream<char,std::char_traits<char>>::operator >>(unsigned short &)”
                 d:\vs2013\vc\include\istream(237): 或       “std::basic_istream<char,std::char_traits<char>> &std::basic_istream<char,std::char_traits<char>>::operator >>(short &)”
                 d:\vs2013\vc\include\istream(218): 或       “std::basic_istream<char,std::char_traits<char>> &std::basic_istream<char,std::char_traits<char>>::operator >>(std::_Bool &)”
                 d:\vs2013\vc\include\istream(211): 或       “std::basic_istream<char,std::char_traits<char>> &std::basic_istream<char,std::char_traits<char>>::operator >>(std::ios_base &(__cdecl *)(std::ios_base &))”
                 d:\vs2013\vc\include\istream(204): 或       “std::basic_istream<char,std::char_traits<char>> &std::basic_istream<char,std::char_traits<char>>::operator >>(std::basic_ios<char,std::char_traits<char>> &(__cdecl *)(std::basic_ios<char,std::char_traits<char>> &))”
                 d:\vs2013\vc\include\istream(198): 或       “std::basic_istream<char,std::char_traits<char>> &std::basic_istream<char,std::char_traits<char>>::operator >>(std::basic_istream<char,std::char_traits<char>> &(__cdecl *)(std::basic_istream<char,std::char_traits<char>> &))”
                 d:\vs2013\vc\include\istream(1103): 或       “std::basic_istream<char,std::char_traits<char>> &std::operator >><char,std::char_traits<char>,const int>(std::basic_istream<char,std::char_traits<char>> &&,_Ty &)”
                 with
                 [
                     _Ty=const int
                 ]
                 d:\vs2013\vc\include\istream(1093): 或       “std::basic_istream<char,std::char_traits<char>> &std::operator >><std::char_traits<char>>(std::basic_istream<char,std::char_traits<char>> &,unsigned char &)”
                 d:\vs2013\vc\include\istream(1086): 或       “std::basic_istream<char,std::char_traits<char>> &std::operator >><std::char_traits<char>>(std::basic_istream<char,std::char_traits<char>> &,unsigned char *)”
                 d:\vs2013\vc\include\istream(1079): 或       “std::basic_istream<char,std::char_traits<char>> &std::operator >><std::char_traits<char>>(std::basic_istream<char,std::char_traits<char>> &,signed char &)”
                 d:\vs2013\vc\include\istream(1072): 或       “std::basic_istream<char,std::char_traits<char>> &std::operator >><std::char_traits<char>>(std::basic_istream<char,std::char_traits<char>> &,signed char *)”
                 尝试匹配参数列表“(std::istream, const int)”时
     1>d:\vsproject\cnewtest\consoleapplication4\源.cpp(13): error C2057: 应输入常量表达式
     1>d:\vsproject\cnewtest\consoleapplication4\源.cpp(13): error C2466: 不能分配常量大小为 0 的数组
     1>d:\vsproject\cnewtest\consoleapplication4\源.cpp(13): error C2133: “a”: 未知的大小
     1>d:\vsproject\cnewtest\consoleapplication4\源.cpp(13): error C2133: “b”: 未知的大小
     1>d:\vsproject\cnewtest\consoleapplication4\源.cpp(13): error C2133: “c”: 未知的大小
     1>d:\vsproject\cnewtest\consoleapplication4\源.cpp(13): error C2133: “d”: 未知的大小
     1>已完成生成项目“D:\vsproject\cnewtest\ConsoleApplication4\ConsoleApplication4.vcxproj”(Rebuild 个目标)的操作 - 失败。

生成失败。

已用时间 00:00:00.67
